TN:
SF:src/index.ts
FN:61,(anonymous_0)
FN:70,(anonymous_1)
FN:81,(anonymous_2)
FN:99,uuid
FN:100,(anonymous_4)
FN:106,stripNulls
FN:116,sleep
FN:117,(anonymous_7)
FN:120,parseToolResponse
FN:155,(anonymous_9)
FN:166,(anonymous_10)
FN:172,(anonymous_11)
FN:185,(anonymous_12)
FN:231,(anonymous_13)
FN:264,(anonymous_14)
FN:275,(anonymous_15)
FN:280,(anonymous_16)
FN:285,(anonymous_17)
FN:290,(anonymous_18)
FN:295,(anonymous_19)
FN:300,(anonymous_20)
FN:321,(anonymous_21)
FN:330,(anonymous_22)
FN:344,(anonymous_23)
FN:357,(anonymous_24)
FN:370,(anonymous_25)
FN:375,(anonymous_26)
FN:387,(anonymous_27)
FN:398,(anonymous_28)
FN:403,(anonymous_29)
FN:408,(anonymous_30)
FN:413,(anonymous_31)
FN:418,(anonymous_32)
FN:424,(anonymous_33)
FN:428,(anonymous_34)
FN:432,(anonymous_35)
FN:436,(anonymous_36)
FN:440,(anonymous_37)
FN:444,(anonymous_38)
FN:448,(anonymous_39)
FN:452,(anonymous_40)
FN:456,(anonymous_41)
FN:460,(anonymous_42)
FN:464,(anonymous_43)
FN:468,(anonymous_44)
FN:472,(anonymous_45)
FN:476,(anonymous_46)
FN:480,(anonymous_47)
FN:484,(anonymous_48)
FN:488,(anonymous_49)
FN:492,(anonymous_50)
FN:496,(anonymous_51)
FN:500,(anonymous_52)
FN:504,(anonymous_53)
FN:508,(anonymous_54)
FN:512,(anonymous_55)
FN:516,(anonymous_56)
FN:520,(anonymous_57)
FN:524,(anonymous_58)
FN:528,(anonymous_59)
FN:532,(anonymous_60)
FN:536,(anonymous_61)
FN:540,(anonymous_62)
FN:544,(anonymous_63)
FN:548,(anonymous_64)
FN:552,(anonymous_65)
FN:556,(anonymous_66)
FN:560,(anonymous_67)
FN:564,(anonymous_68)
FN:568,(anonymous_69)
FN:572,(anonymous_70)
FN:576,(anonymous_71)
FN:580,(anonymous_72)
FN:584,(anonymous_73)
FN:588,(anonymous_74)
FN:592,(anonymous_75)
FN:596,(anonymous_76)
FN:600,(anonymous_77)
FN:604,(anonymous_78)
FN:608,(anonymous_79)
FN:612,(anonymous_80)
FN:616,(anonymous_81)
FNF:82
FNH:81
FNDA:15,(anonymous_0)
FNDA:3,(anonymous_1)
FNDA:1,(anonymous_2)
FNDA:78,uuid
FNDA:2418,(anonymous_4)
FNDA:77,stripNulls
FNDA:8,sleep
FNDA:8,(anonymous_7)
FNDA:70,parseToolResponse
FNDA:93,(anonymous_9)
FNDA:86,(anonymous_10)
FNDA:78,(anonymous_11)
FNDA:0,(anonymous_12)
FNDA:77,(anonymous_13)
FNDA:1,(anonymous_14)
FNDA:11,(anonymous_15)
FNDA:1,(anonymous_16)
FNDA:1,(anonymous_17)
FNDA:1,(anonymous_18)
FNDA:1,(anonymous_19)
FNDA:1,(anonymous_20)
FNDA:1,(anonymous_21)
FNDA:1,(anonymous_22)
FNDA:1,(anonymous_23)
FNDA:1,(anonymous_24)
FNDA:1,(anonymous_25)
FNDA:1,(anonymous_26)
FNDA:1,(anonymous_27)
FNDA:1,(anonymous_28)
FNDA:1,(anonymous_29)
FNDA:1,(anonymous_30)
FNDA:1,(anonymous_31)
FNDA:1,(anonymous_32)
FNDA:1,(anonymous_33)
FNDA:1,(anonymous_34)
FNDA:1,(anonymous_35)
FNDA:1,(anonymous_36)
FNDA:1,(anonymous_37)
FNDA:1,(anonymous_38)
FNDA:1,(anonymous_39)
FNDA:1,(anonymous_40)
FNDA:1,(anonymous_41)
FNDA:1,(anonymous_42)
FNDA:1,(anonymous_43)
FNDA:1,(anonymous_44)
FNDA:1,(anonymous_45)
FNDA:1,(anonymous_46)
FNDA:1,(anonymous_47)
FNDA:1,(anonymous_48)
FNDA:1,(anonymous_49)
FNDA:1,(anonymous_50)
FNDA:1,(anonymous_51)
FNDA:1,(anonymous_52)
FNDA:1,(anonymous_53)
FNDA:1,(anonymous_54)
FNDA:1,(anonymous_55)
FNDA:1,(anonymous_56)
FNDA:1,(anonymous_57)
FNDA:1,(anonymous_58)
FNDA:1,(anonymous_59)
FNDA:1,(anonymous_60)
FNDA:1,(anonymous_61)
FNDA:1,(anonymous_62)
FNDA:1,(anonymous_63)
FNDA:1,(anonymous_64)
FNDA:1,(anonymous_65)
FNDA:1,(anonymous_66)
FNDA:1,(anonymous_67)
FNDA:1,(anonymous_68)
FNDA:1,(anonymous_69)
FNDA:1,(anonymous_70)
FNDA:1,(anonymous_71)
FNDA:1,(anonymous_72)
FNDA:1,(anonymous_73)
FNDA:1,(anonymous_74)
FNDA:1,(anonymous_75)
FNDA:1,(anonymous_76)
FNDA:1,(anonymous_77)
FNDA:1,(anonymous_78)
FNDA:1,(anonymous_79)
FNDA:1,(anonymous_80)
FNDA:1,(anonymous_81)
DA:62,15
DA:63,15
DA:64,15
DA:65,15
DA:71,3
DA:72,3
DA:82,1
DA:83,1
DA:84,1
DA:85,1
DA:86,1
DA:94,1
DA:95,1
DA:96,1
DA:97,1
DA:100,78
DA:101,2418
DA:102,2418
DA:107,77
DA:108,77
DA:109,97
DA:110,81
DA:113,77
DA:117,8
DA:121,70
DA:123,70
DA:126,70
DA:127,70
DA:131,70
DA:132,70
DA:135,70
DA:137,70
DA:138,70
DA:139,70
DA:141,0
DA:156,93
DA:157,93
DA:158,93
DA:159,93
DA:167,86
DA:168,86
DA:169,86
DA:173,78
DA:182,78
DA:183,86
DA:184,86
DA:185,86
DA:187,86
DA:194,83
DA:196,83
DA:197,3
DA:201,80
DA:202,1
DA:204,79
DA:205,5
DA:208,74
DA:210,74
DA:211,3
DA:212,3
DA:215,71
DA:217,15
DA:219,11
DA:220,11
DA:221,8
DA:226,11
DA:235,77
DA:239,70
DA:242,70
DA:243,0
DA:244,0
DA:245,0
DA:252,0
DA:253,0
DA:257,70
DA:265,1
DA:266,1
DA:267,1
DA:276,11
DA:281,1
DA:286,1
DA:291,1
DA:296,1
DA:309,1
DA:322,1
DA:334,1
DA:349,1
DA:361,1
DA:371,1
DA:379,1
DA:391,1
DA:399,1
DA:404,1
DA:409,1
DA:414,1
DA:419,1
DA:425,1
DA:429,1
DA:433,1
DA:437,1
DA:441,1
DA:445,1
DA:449,1
DA:453,1
DA:457,1
DA:461,1
DA:465,1
DA:469,1
DA:473,1
DA:477,1
DA:481,1
DA:485,1
DA:489,1
DA:493,1
DA:497,1
DA:501,1
DA:505,1
DA:509,1
DA:513,1
DA:517,1
DA:521,1
DA:525,1
DA:529,1
DA:533,1
DA:537,1
DA:541,1
DA:545,1
DA:549,1
DA:553,1
DA:557,1
DA:561,1
DA:565,1
DA:569,1
DA:573,1
DA:577,1
DA:581,1
DA:585,1
DA:589,1
DA:593,1
DA:597,1
DA:601,1
DA:605,1
DA:609,1
DA:613,1
DA:617,1
LF:144
LH:138
BRDA:81,0,0,1
BRDA:81,1,0,1
BRDA:81,2,0,1
BRDA:102,3,0,2340
BRDA:102,3,1,78
BRDA:109,4,0,81
BRDA:109,4,1,16
BRDA:109,5,0,97
BRDA:109,5,1,97
BRDA:121,6,0,0
BRDA:121,6,1,70
BRDA:121,7,0,70
BRDA:121,7,1,70
BRDA:127,8,0,70
BRDA:127,8,1,70
BRDA:131,9,0,70
BRDA:131,9,1,0
BRDA:131,10,0,70
BRDA:131,10,1,70
BRDA:132,11,0,70
BRDA:132,11,1,0
BRDA:135,12,0,0
BRDA:135,12,1,70
BRDA:155,13,0,93
BRDA:157,14,0,93
BRDA:157,14,1,6
BRDA:158,15,0,93
BRDA:158,15,1,92
BRDA:159,16,0,93
BRDA:159,16,1,92
BRDA:168,17,0,85
BRDA:168,17,1,1
BRDA:196,18,0,3
BRDA:196,18,1,80
BRDA:201,19,0,1
BRDA:201,19,1,79
BRDA:204,20,0,5
BRDA:204,20,1,74
BRDA:210,21,0,3
BRDA:210,21,1,71
BRDA:211,22,0,3
BRDA:211,22,1,0
BRDA:217,23,0,4
BRDA:217,23,1,11
BRDA:217,24,0,15
BRDA:217,24,1,12
BRDA:220,25,0,8
BRDA:220,25,1,3
BRDA:242,26,0,0
BRDA:242,26,1,70
BRDA:242,27,0,70
BRDA:242,27,1,0
BRDA:244,28,0,0
BRDA:244,28,1,0
BRDA:247,29,0,0
BRDA:247,29,1,0
BRDA:248,30,0,0
BRDA:248,30,1,0
BRDA:249,31,0,0
BRDA:249,31,1,0
BRDA:252,32,0,0
BRDA:252,32,1,0
BRDA:266,33,0,1
BRDA:266,33,1,0
BRDA:267,34,0,1
BRDA:267,34,1,0
BRDA:321,35,0,1
BRDA:336,36,0,1
BRDA:336,36,1,1
BRDA:337,37,0,1
BRDA:337,37,1,1
BRDA:347,38,0,1
BRDA:381,39,0,1
BRDA:381,39,1,1
BRDA:382,40,0,1
BRDA:382,40,1,1
BRDA:389,41,0,1
BRDA:398,42,0,1
BRDA:403,43,0,1
BRDA:408,44,0,1
BRDA:418,45,0,1
BRF:81
BRH:62
end_of_record
TN:
SF:src/types.ts
FNF:0
FNH:0
LF:0
LH:0
BRF:0
BRH:0
end_of_record
